<?xml version="1.0" encoding="UTF-8"?>
<coverage generated="1705562093296" clover="3.2.0">
  <project timestamp="1705562093296" name="All files">
    <metrics statements="25" coveredstatements="16" conditionals="0" coveredconditionals="0" methods="6" coveredmethods="4" elements="31" coveredelements="20" complexity="0" loc="25" ncloc="25" packages="1" files="4" classes="4"/>
    <file name="binance.js" path="/home/elenayap/luno-premium/lib/binance.js">
      <metrics statements="3" coveredstatements="3" conditionals="0" coveredconditionals="0" methods="1" coveredmethods="1"/>
      <line num="4" count="1" type="stmt"/>
      <line num="8" count="1" type="stmt"/>
      <line num="10" count="1" type="stmt"/>
    </file>
    <file name="calculation.js" path="/home/elenayap/luno-premium/lib/calculation.js">
      <metrics statements="13" coveredstatements="4" conditionals="0" coveredconditionals="0" methods="3" coveredmethods="1"/>
      <line num="7" count="1" type="stmt"/>
      <line num="8" count="1" type="stmt"/>
      <line num="9" count="1" type="stmt"/>
      <line num="11" count="1" type="stmt"/>
      <line num="15" count="0" type="stmt"/>
      <line num="17" count="0" type="stmt"/>
      <line num="19" count="0" type="stmt"/>
      <line num="20" count="0" type="stmt"/>
      <line num="22" count="0" type="stmt"/>
      <line num="26" count="0" type="stmt"/>
      <line num="27" count="0" type="stmt"/>
      <line num="28" count="0" type="stmt"/>
      <line num="30" count="0" type="stmt"/>
    </file>
    <file name="exchange_rate.js" path="/home/elenayap/luno-premium/lib/exchange_rate.js">
      <metrics statements="6" coveredstatements="6" conditionals="0" coveredconditionals="0" methods="1" coveredmethods="1"/>
      <line num="2" count="1" type="stmt"/>
      <line num="3" count="1" type="stmt"/>
      <line num="5" count="1" type="stmt"/>
      <line num="11" count="1" type="stmt"/>
      <line num="12" count="1" type="stmt"/>
      <line num="14" count="1" type="stmt"/>
    </file>
    <file name="luno.js" path="/home/elenayap/luno-premium/lib/luno.js">
      <metrics statements="3" coveredstatements="3" conditionals="0" coveredconditionals="0" methods="1" coveredmethods="1"/>
      <line num="3" count="1" type="stmt"/>
      <line num="4" count="1" type="stmt"/>
      <line num="7" count="1" type="stmt"/>
    </file>
  </project>
</coverage>
