{"/home/elenayap/luno-premium/lib/binance.js": {"path":"/home/elenayap/luno-premium/lib/binance.js","statementMap":{"0":{"start":{"line":4,"column":20},"end":{"line":4,"column":33}},"1":{"start":{"line":8,"column":17},"end":{"line":8,"column":39}},"2":{"start":{"line":10,"column":0},"end":{"line":10,"column":22}}},"fnMap":{"0":{"name":"getbinanceXBTPrices","decl":{"start":{"line":3,"column":30},"end":{"line":3,"column":49}},"loc":{"start":{"line":3,"column":52},"end":{"line":11,"column":1}},"line":3}},"branchMap":{},"s":{"0":1,"1":1,"2":1},"f":{"0":1},"b":{},"_coverageSchema":"1a1c01bbd47fc00a2c39e90264f33305004495a9","hash":"8b278aff63263fd500411cb88b7b1c98cf286da1"}
,"/home/elenayap/luno-premium/lib/calculation.js": {"path":"/home/elenayap/luno-premium/lib/calculation.js","statementMap":{"0":{"start":{"line":7,"column":17},"end":{"line":7,"column":41}},"1":{"start":{"line":8,"column":17},"end":{"line":8,"column":41}},"2":{"start":{"line":9,"column":17},"end":{"line":9,"column":28}},"3":{"start":{"line":11,"column":4},"end":{"line":11,"column":16}},"4":{"start":{"line":15,"column":20},"end":{"line":15,"column":44}},"5":{"start":{"line":17,"column":23},"end":{"line":17,"column":50}},"6":{"start":{"line":19,"column":22},"end":{"line":19,"column":42}},"7":{"start":{"line":20,"column":28},"end":{"line":20,"column":54}},"8":{"start":{"line":22,"column":4},"end":{"line":22,"column":37}},"9":{"start":{"line":26,"column":20},"end":{"line":26,"column":44}},"10":{"start":{"line":27,"column":23},"end":{"line":27,"column":50}},"11":{"start":{"line":28,"column":17},"end":{"line":28,"column":37}},"12":{"start":{"line":30,"column":4},"end":{"line":30,"column":16}}},"fnMap":{"0":{"name":"convertLunoToUsd","decl":{"start":{"line":6,"column":22},"end":{"line":6,"column":38}},"loc":{"start":{"line":6,"column":41},"end":{"line":12,"column":3}},"line":6},"1":{"name":"percentageDifferent","decl":{"start":{"line":14,"column":24},"end":{"line":14,"column":43}},"loc":{"start":{"line":14,"column":46},"end":{"line":23,"column":3}},"line":14},"2":{"name":"priceDifferent","decl":{"start":{"line":25,"column":24},"end":{"line":25,"column":38}},"loc":{"start":{"line":25,"column":41},"end":{"line":31,"column":3}},"line":25}},"branchMap":{},"s":{"0":1,"1":1,"2":1,"3":1,"4":0,"5":0,"6":0,"7":0,"8":0,"9":0,"10":0,"11":0,"12":0},"f":{"0":1,"1":0,"2":0},"b":{},"_coverageSchema":"1a1c01bbd47fc00a2c39e90264f33305004495a9","hash":"57d79a6061009d2d8423f4b169add496feb5a33c"}
,"/home/elenayap/luno-premium/lib/exchange_rate.js": {"path":"/home/elenayap/luno-premium/lib/exchange_rate.js","statementMap":{"0":{"start":{"line":2,"column":20},"end":{"line":2,"column":33}},"1":{"start":{"line":3,"column":4},"end":{"line":3,"column":67}},"2":{"start":{"line":5,"column":25},"end":{"line":9,"column":5}},"3":{"start":{"line":11,"column":18},"end":{"line":11,"column":125}},"4":{"start":{"line":12,"column":23},"end":{"line":12,"column":42}},"5":{"start":{"line":14,"column":6},"end":{"line":14,"column":32}}},"fnMap":{"0":{"name":"rategetconverter","decl":{"start":{"line":1,"column":30},"end":{"line":1,"column":46}},"loc":{"start":{"line":1,"column":49},"end":{"line":15,"column":3}},"line":1}},"branchMap":{},"s":{"0":1,"1":1,"2":1,"3":1,"4":1,"5":1},"f":{"0":1},"b":{},"_coverageSchema":"1a1c01bbd47fc00a2c39e90264f33305004495a9","hash":"0b8fd06734a38812a22923c4ec06f9c66ec7cbe7"}
,"/home/elenayap/luno-premium/lib/luno.js": {"path":"/home/elenayap/luno-premium/lib/luno.js","statementMap":{"0":{"start":{"line":3,"column":20},"end":{"line":3,"column":80}},"1":{"start":{"line":4,"column":25},"end":{"line":4,"column":45}},"2":{"start":{"line":7,"column":4},"end":{"line":7,"column":35}}},"fnMap":{"0":{"name":"getlunoXBTPrices","decl":{"start":{"line":2,"column":30},"end":{"line":2,"column":46}},"loc":{"start":{"line":2,"column":49},"end":{"line":8,"column":1}},"line":2}},"branchMap":{},"s":{"0":1,"1":1,"2":1},"f":{"0":1},"b":{},"_coverageSchema":"1a1c01bbd47fc00a2c39e90264f33305004495a9","hash":"3e5f5f0629e1ec2d1399195468c03f37a36629d5"}
}
