TN:
SF:lib/binance.js
FN:3,getbinanceXBTPrices
FNF:1
FNH:1
FNDA:1,getbinanceXBTPrices
DA:4,1
DA:8,1
DA:10,1
LF:3
LH:3
BRF:0
BRH:0
end_of_record
TN:
SF:lib/calculation.js
FN:6,convertLunoToUsd
FN:14,percentageDifferent
FN:25,priceDifferent
FNF:3
FNH:1
FNDA:1,convertLunoToUsd
FNDA:0,percentageDifferent
FNDA:0,priceDifferent
DA:7,1
DA:8,1
DA:9,1
DA:11,1
DA:15,0
DA:17,0
DA:19,0
DA:20,0
DA:22,0
DA:26,0
DA:27,0
DA:28,0
DA:30,0
LF:13
LH:4
BRF:0
BRH:0
end_of_record
TN:
SF:lib/exchange_rate.js
FN:1,rategetconverter
FNF:1
FNH:1
FNDA:1,rategetconverter
DA:2,1
DA:3,1
DA:5,1
DA:11,1
DA:12,1
DA:14,1
LF:6
LH:6
BRF:0
BRH:0
end_of_record
TN:
SF:lib/luno.js
FN:2,getlunoXBTPrices
FNF:1
FNH:1
FNDA:1,getlunoXBTPrices
DA:3,1
DA:4,1
DA:7,1
LF:3
LH:3
BRF:0
BRH:0
end_of_record
